<?xml version="1.0" encoding="UTF-8"?>
<testsuite xmlns:xsi="http://www.w3.org/2001/XMLSchema-instance" xsi:noNamespaceSchemaLocation="https://maven.apache.org/surefire/maven-surefire-plugin/xsd/surefire-test-report-3.0.xsd" version="3.0" name="com.example.QuadraticCombinatorialTest" time="0.069" tests="1" errors="0" skipped="0" failures="0">
  <properties>
[...]
</properties>
  <testcase name="testCombinations" classname="com.example.QuadraticCombinatorialTest" time="0.049">
    <system-out><![CDATA[Handled exception for a=1.000, b=0.000, c=0.000: Not enough precision to compute result.
x1 = 1
x2 = -1
x1 = i
x2 = -i
x1 = 31.622776601683793i
x2 = -31.622776601683793i
Handled exception for a=1.000, b=2.000, c=0.000: Not enough precision to compute result.
x1 = -2.414213562373095
x2 = 0.4142135623730951
x1 = -1
x1 = -1 + 31.606961258558215i
x2 = -1 - 31.606961258558215i
Handled exception for a=1.000, b=-2.000, c=0.000: Not enough precision to compute result.
x1 = 2.414213562373095
x2 = -0.4142135623730951
x1 = 1
x1 = 1 + 31.606961258558215i
x2 = 1 - 31.606961258558215i
Handled exception for a=1.000, b=1000000.000, c=0.000: Not enough precision to compute result.
x1 = -1000000.000001
x2 = 9.99999999999E-7
x1 = -999999.999999
x2 = -1.000000000001E-6
x1 = -999999.9990000001
x2 = -0.001000000001
Handled exception for a=-1.000, b=0.000, c=0.000: Not enough precision to compute result.
x1 = -1i
x2 = --1i
x1 = -1
x2 = 1
x1 = -31.622776601683793
x2 = 31.622776601683793
Handled exception for a=-1.000, b=2.000, c=0.000: Not enough precision to compute result.
x1 = 1
x1 = 2.414213562373095
x2 = -0.4142135623730951
x1 = 32.63858403911275
x2 = -30.638584039112747
Handled exception for a=-1.000, b=-2.000, c=0.000: Not enough precision to compute result.
x1 = -1
x1 = -2.414213562373095
x2 = 0.4142135623730951
x1 = -32.63858403911275
x2 = 30.638584039112747
Handled exception for a=-1.000, b=1000000.000, c=0.000: Not enough precision to compute result.
x1 = 999999.999999
x2 = 1.000000000001E-6
x1 = 1000000.000001
x2 = -9.99999999999E-7
x1 = 1000000.0009999999
x2 = -9.99999999E-4
Handled exception for a=0.500, b=0.000, c=0.000: Not enough precision to compute result.
x1 = 1.414213562373095
x2 = -1.4142135623730951
x1 = 1.414213562373095i
x2 = -1.414213562373095i
x1 = 44.721359549995796i
x2 = -44.721359549995796i
Handled exception for a=0.500, b=2.000, c=0.000: Not enough precision to compute result.
x1 = -4.449489742783178
x2 = 0.4494897427831781
x1 = -3.414213562373095
x2 = -0.585786437626905
x1 = -2 + 44.67661580737735i
x2 = -2 - 44.67661580737735i
Handled exception for a=0.500, b=-2.000, c=0.000: Not enough precision to compute result.
x1 = 4.449489742783178
x2 = -0.4494897427831781
x1 = 3.414213562373095
x2 = 0.585786437626905
x1 = 2 + 44.67661580737735i
x2 = 2 - 44.67661580737735i
Handled exception for a=0.500, b=1000000.000, c=0.000: Not enough precision to compute result.
x1 = -2000000.000001
x2 = 9.999999999995E-7
x1 = -1999999.999999
x2 = -1.0000000000005E-6
x1 = -1999999.999
x2 = -0.0010000000005
Handled exception for a=0.000, b=0.000, c=0.000: Not enough precision to compute result.
x1 = 10000.000000082464
x2 = -9999.999999917536
x1 = 10000.000000082464i
x2 = -10000.000000082464i
x1 = 316227.7660168379i
x2 = -316227.7660168379i
Handled exception for a=0.000, b=2.000, c=0.000: Not enough precision to compute result.
x1 = -2.000000005E8
x2 = 0.49999999875
x1 = -1.999999995E8
x2 = -0.50000000125
x1 = -1.9999949999875E8
x2 = -500.00125000625
Handled exception for a=0.000, b=-2.000, c=0.000: Not enough precision to compute result.
x1 = 2.000000005E8
x2 = -0.49999999875
x1 = 1.999999995E8
x2 = 0.50000000125
x1 = 1.9999949999875E8
x2 = 500.00125000625
Handled exception for a=0.000, b=1000000.000, c=0.000: Not enough precision to compute result.
Handled exception for a=0.000, b=1000000.000, c=-1.000: Not enough precision to compute result.
Handled exception for a=0.000, b=1000000.000, c=1.000: Not enough precision to compute result.
Handled exception for a=0.000, b=1000000.000, c=1000.000: Not enough precision to compute result.
]]></system-out>
  </testcase>
</testsuite>